Fetching all issues...
  fetched 400...
  fetched 900...
  fetched 1400...
  fetched 1900...
  fetched 2400...
  fetched 2822...
Total issues: 2822
Skipped (already done): 540
To process: 2282
Type distribution (remaining):
  text-correction: 2154
  markup: 30
  content-enhancement: 25
  bug: 25
  scan-quality: 24
  question: 22
  encoding: 2
100/2282 done
200/2282 done
300/2282 done
400/2282 done
500/2282 done
600/2282 done
700/2282 done
Rate limited — sleeping 65s...
Rate limited — sleeping 65s...
Rate limited — sleeping 65s...
Rate limited — sleeping 65s...
Rate limited — sleeping 65s...
Rate limited — sleeping 65s...
Rate limited — sleeping 65s...
Rate limited — sleeping 65s...
Rate limited — sleeping 65s...
Rate limited — sleeping 65s...
Rate limited — sleeping 65s...
Rate limited — sleeping 65s...
Rate limited — sleeping 65s...
Rate limited — sleeping 65s...
Rate limited — sleeping 65s...
Rate limited — sleeping 65s...
Rate limited — sleeping 65s...
Rate limited — sleeping 65s...
Rate limited — sleeping 65s...
Rate limited — sleeping 65s...
Rate limited — sleeping 65s...
Rate limited — sleeping 65s...
Rate limited — sleeping 65s...
Rate limited — sleeping 65s...
Rate limited — sleeping 65s...
Rate limited — sleeping 65s...
Rate limited — sleeping 65s...
800/2282 done
900/2282 done
1000/2282 done
1100/2282 done
1200/2282 done
Rate limited — sleeping 65s...
Rate limited — sleeping 65s...
Rate limited — sleeping 65s...
Rate limited — sleeping 65s...
Rate limited — sleeping 65s...
Rate limited — sleeping 65s...
Rate limited — sleeping 65s...
Rate limited — sleeping 65s...
Rate limited — sleeping 65s...
Rate limited — sleeping 65s...
Rate limited — sleeping 65s...
Rate limited — sleeping 65s...
Rate limited — sleeping 65s...
Rate limited — sleeping 65s...
Rate limited — sleeping 65s...
Rate limited — sleeping 65s...
Rate limited — sleeping 65s...
Rate limited — sleeping 65s...
Rate limited — sleeping 65s...
Rate limited — sleeping 65s...
Rate limited — sleeping 65s...
Rate limited — sleeping 65s...
Rate limited — sleeping 65s...
Rate limited — sleeping 65s...
Rate limited — sleeping 65s...
Rate limited — sleeping 65s...
Rate limited — sleeping 65s...
Rate limited — sleeping 65s...
Rate limited — sleeping 65s...
Rate limited — sleeping 65s...
Rate limited — sleeping 65s...
1300/2282 done
1400/2282 done
1500/2282 done
1600/2282 done
1700/2282 done
1800/2282 done
1900/2282 done
2000/2282 done
2100/2282 done
Rate limited — sleeping 65s...
Rate limited — sleeping 65s...
Rate limited — sleeping 65s...
Rate limited — sleeping 65s...
Rate limited — sleeping 65s...
Rate limited — sleeping 65s...
Rate limited — sleeping 65s...
Rate limited — sleeping 65s...
Rate limited — sleeping 65s...
Rate limited — sleeping 65s...
Rate limited — sleeping 65s...
Rate limited — sleeping 65s...
Rate limited — sleeping 65s...
Rate limited — sleeping 65s...
Rate limited — sleeping 65s...
Rate limited — sleeping 65s...
Rate limited — sleeping 65s...
Rate limited — sleeping 65s...
Rate limited — sleeping 65s...
Rate limited — sleeping 65s...
Rate limited — sleeping 65s...
Rate limited — sleeping 65s...
2200/2282 done
2282/2282 done
ERRORS (101):
  milestone #1771: unexpected end of JSON input

  milestone #1685: unexpected end of JSON input

  milestone #1675: unexpected end of JSON input

  milestone #1637: unexpected end of JSON input

  milestone #1597: gh: API rate limit exceeded for user ID 80761. If you reach out to GitHub Suppor
  labels #1596: gh: API rate limit exceeded for user ID 80761. If you reach out to GitHub Suppor
  milestone #1596: gh: API rate limit exceeded for user ID 80761. If you reach out to GitHub Suppor
  labels #1595: gh: API rate limit exceeded for user ID 80761. If you reach out to GitHub Suppor
  milestone #1595: gh: API rate limit exceeded for user ID 80761. If you reach out to GitHub Suppor
  labels #1594: gh: API rate limit exceeded for user ID 80761. If you reach out to GitHub Suppor
  milestone #1594: gh: API rate limit exceeded for user ID 80761. If you reach out to GitHub Suppor
  labels #1593: gh: API rate limit exceeded for user ID 80761. If you reach out to GitHub Suppor
  milestone #1593: gh: API rate limit exceeded for user ID 80761. If you reach out to GitHub Suppor
  labels #1592: gh: API rate limit exceeded for user ID 80761. If you reach out to GitHub Suppor
  milestone #1592: gh: API rate limit exceeded for user ID 80761. If you reach out to GitHub Suppor
  labels #1591: gh: API rate limit exceeded for user ID 80761. If you reach out to GitHub Suppor
  milestone #1591: gh: API rate limit exceeded for user ID 80761. If you reach out to GitHub Suppor
  labels #1590: gh: API rate limit exceeded for user ID 80761. If you reach out to GitHub Suppor
  milestone #1590: gh: API rate limit exceeded for user ID 80761. If you reach out to GitHub Suppor
  labels #1589: gh: API rate limit exceeded for user ID 80761. If you reach out to GitHub Suppor
  milestone #1589: gh: API rate limit exceeded for user ID 80761. If you reach out to GitHub Suppor
  labels #1588: gh: API rate limit exceeded for user ID 80761. If you reach out to GitHub Suppor
  milestone #1588: gh: API rate limit exceeded for user ID 80761. If you reach out to GitHub Suppor
  labels #1587: gh: API rate limit exceeded for user ID 80761. If you reach out to GitHub Suppor
  milestone #1587: gh: API rate limit exceeded for user ID 80761. If you reach out to GitHub Suppor
  labels #1586: gh: API rate limit exceeded for user ID 80761. If you reach out to GitHub Suppor
  milestone #1586: gh: API rate limit exceeded for user ID 80761. If you reach out to GitHub Suppor
  labels #1585: gh: API rate limit exceeded for user ID 80761. If you reach out to GitHub Suppor
  milestone #1585: gh: API rate limit exceeded for user ID 80761. If you reach out to GitHub Suppor
  labels #1584: gh: API rate limit exceeded for user ID 80761. If you reach out to GitHub Suppor
