Fetching all issues...
  fetched 400...
  fetched 900...
  fetched 1400...
  fetched 1900...
  fetched 2400...
  fetched 2822...
Total issues: 2822
Skipped (already done): 1012
To process: 1810
Type distribution (remaining):
  text-correction: 1682
  markup: 30
  content-enhancement: 25
  bug: 25
  scan-quality: 24
  question: 22
  encoding: 2
100/1810 done
200/1810 done
Rate limited — sleeping 65s...
Rate limited — sleeping 65s...
Rate limited — sleeping 65s...
Rate limited — sleeping 65s...
Rate limited — sleeping 65s...
Rate limited — sleeping 65s...
Rate limited — sleeping 65s...
Rate limited — sleeping 65s...
Rate limited — sleeping 65s...
Rate limited — sleeping 65s...
Rate limited — sleeping 65s...
Rate limited — sleeping 65s...
Rate limited — sleeping 65s...
Rate limited — sleeping 65s...
Rate limited — sleeping 65s...
Rate limited — sleeping 65s...
Rate limited — sleeping 65s...
Rate limited — sleeping 65s...
Rate limited — sleeping 65s...
Rate limited — sleeping 65s...
Rate limited — sleeping 65s...
Rate limited — sleeping 65s...
Rate limited — sleeping 65s...
Rate limited — sleeping 65s...
Rate limited — sleeping 65s...
Rate limited — sleeping 65s...
Rate limited — sleeping 65s...
300/1810 done
400/1810 done
500/1810 done
600/1810 done
700/1810 done
Rate limited — sleeping 65s...
800/1810 done
Rate limited — sleeping 65s...
Rate limited — sleeping 65s...
Rate limited — sleeping 65s...
Rate limited — sleeping 65s...
Rate limited — sleeping 65s...
Rate limited — sleeping 65s...
Rate limited — sleeping 65s...
Rate limited — sleeping 65s...
Rate limited — sleeping 65s...
Rate limited — sleeping 65s...
Rate limited — sleeping 65s...
Rate limited — sleeping 65s...
Rate limited — sleeping 65s...
Rate limited — sleeping 65s...
Rate limited — sleeping 65s...
Rate limited — sleeping 65s...
Rate limited — sleeping 65s...
Rate limited — sleeping 65s...
Rate limited — sleeping 65s...
Rate limited — sleeping 65s...
Rate limited — sleeping 65s...
Rate limited — sleeping 65s...
Rate limited — sleeping 65s...
Rate limited — sleeping 65s...
Rate limited — sleeping 65s...
Rate limited — sleeping 65s...
Rate limited — sleeping 65s...
Rate limited — sleeping 65s...
Rate limited — sleeping 65s...
Rate limited — sleeping 65s...
900/1810 done
1000/1810 done
1100/1810 done
1200/1810 done
1300/1810 done
1400/1810 done
1500/1810 done
1600/1810 done
Rate limited — sleeping 65s...
Rate limited — sleeping 65s...
Rate limited — sleeping 65s...
Rate limited — sleeping 65s...
Rate limited — sleeping 65s...
Rate limited — sleeping 65s...
Rate limited — sleeping 65s...
Rate limited — sleeping 65s...
Rate limited — sleeping 65s...
Rate limited — sleeping 65s...
Rate limited — sleeping 65s...
Rate limited — sleeping 65s...
Rate limited — sleeping 65s...
Rate limited — sleeping 65s...
Rate limited — sleeping 65s...
Rate limited — sleeping 65s...
Rate limited — sleeping 65s...
Rate limited — sleeping 65s...
Rate limited — sleeping 65s...
Rate limited — sleeping 65s...
Rate limited — sleeping 65s...
Rate limited — sleeping 65s...
1700/1810 done
1800/1810 done
1810/1810 done
ERRORS (105):
  milestone #1751: unexpected end of JSON input

  milestone #1604: unexpected end of JSON input

  milestone #1597: gh: API rate limit exceeded for user ID 80761. If you reach out to GitHub Suppor
  labels #1596: gh: API rate limit exceeded for user ID 80761. If you reach out to GitHub Suppor
  milestone #1596: gh: API rate limit exceeded for user ID 80761. If you reach out to GitHub Suppor
  labels #1595: gh: API rate limit exceeded for user ID 80761. If you reach out to GitHub Suppor
  milestone #1595: gh: API rate limit exceeded for user ID 80761. If you reach out to GitHub Suppor
  labels #1594: gh: API rate limit exceeded for user ID 80761. If you reach out to GitHub Suppor
  milestone #1594: gh: API rate limit exceeded for user ID 80761. If you reach out to GitHub Suppor
  labels #1593: gh: API rate limit exceeded for user ID 80761. If you reach out to GitHub Suppor
  milestone #1593: gh: API rate limit exceeded for user ID 80761. If you reach out to GitHub Suppor
  labels #1592: gh: API rate limit exceeded for user ID 80761. If you reach out to GitHub Suppor
  milestone #1592: gh: API rate limit exceeded for user ID 80761. If you reach out to GitHub Suppor
  labels #1591: gh: API rate limit exceeded for user ID 80761. If you reach out to GitHub Suppor
  milestone #1591: gh: API rate limit exceeded for user ID 80761. If you reach out to GitHub Suppor
  labels #1590: gh: API rate limit exceeded for user ID 80761. If you reach out to GitHub Suppor
  milestone #1590: gh: API rate limit exceeded for user ID 80761. If you reach out to GitHub Suppor
  labels #1589: gh: API rate limit exceeded for user ID 80761. If you reach out to GitHub Suppor
  milestone #1589: gh: API rate limit exceeded for user ID 80761. If you reach out to GitHub Suppor
  labels #1588: gh: API rate limit exceeded for user ID 80761. If you reach out to GitHub Suppor
  milestone #1588: gh: API rate limit exceeded for user ID 80761. If you reach out to GitHub Suppor
  labels #1587: gh: API rate limit exceeded for user ID 80761. If you reach out to GitHub Suppor
  milestone #1587: gh: API rate limit exceeded for user ID 80761. If you reach out to GitHub Suppor
  labels #1586: gh: API rate limit exceeded for user ID 80761. If you reach out to GitHub Suppor
  milestone #1586: gh: API rate limit exceeded for user ID 80761. If you reach out to GitHub Suppor
  labels #1585: gh: API rate limit exceeded for user ID 80761. If you reach out to GitHub Suppor
  milestone #1585: gh: API rate limit exceeded for user ID 80761. If you reach out to GitHub Suppor
  labels #1584: gh: API rate limit exceeded for user ID 80761. If you reach out to GitHub Suppor
  milestone #1579: unexpected end of JSON input

  milestone #1558: unexpected end of JSON input

